{"C:\\Development\\PPEGen\\src\\components\\logic\\selectpopulators\\mbd.tsx": {"path":"C:\\Development\\PPEGen\\src\\components\\logic\\selectpopulators\\mbd.tsx","statementMap":{"0":{"start":{"line":3,"column":28},"end":{"line":11,"column":1}},"1":{"start":{"line":14,"column":4},"end":{"line":16,"column":5}}},"fnMap":{"0":{"name":"GetMandatoryBonusDuties","decl":{"start":{"line":13,"column":9},"end":{"line":13,"column":32}},"loc":{"start":{"line":13,"column":34},"end":{"line":17,"column":1}},"line":13}},"branchMap":{},"s":{"0":1,"1":3},"f":{"0":3},"b":{},"_coverageSchema":"1a1c01bbd47fc00a2c39e90264f33305004495a9","hash":"6e14e8bbdedf7c9cd425ce3ec3d92450e63960ec"}
,"C:\\Development\\PPEGen\\src\\components\\ui\\hero\\hero.tsx": {"path":"C:\\Development\\PPEGen\\src\\components\\ui\\hero\\hero.tsx","statementMap":{"0":{"start":{"line":2,"column":4},"end":{"line":29,"column":5}}},"fnMap":{"0":{"name":"GetHero","decl":{"start":{"line":1,"column":9},"end":{"line":1,"column":16}},"loc":{"start":{"line":1,"column":18},"end":{"line":30,"column":1}},"line":1}},"branchMap":{},"s":{"0":1},"f":{"0":1},"b":{},"_coverageSchema":"1a1c01bbd47fc00a2c39e90264f33305004495a9","hash":"6f363829391d2a66ee9d7baab316597bd729ea3d"}
,"C:\\Development\\PPEGen\\src\\components\\ui\\input\\input.tsx": {"path":"C:\\Development\\PPEGen\\src\\components\\ui\\input\\input.tsx","statementMap":{"0":{"start":{"line":10,"column":4},"end":{"line":20,"column":3}}},"fnMap":{"0":{"name":"GetInput","decl":{"start":{"line":9,"column":9},"end":{"line":9,"column":17}},"loc":{"start":{"line":9,"column":41},"end":{"line":21,"column":1}},"line":9}},"branchMap":{"0":{"loc":{"start":{"line":18,"column":5},"end":{"line":18,"column":92}},"type":"cond-expr","locations":[{"start":{"line":18,"column":40},"end":{"line":18,"column":44}},{"start":{"line":18,"column":47},"end":{"line":18,"column":92}}],"line":18}},"s":{"0":4},"f":{"0":4},"b":{"0":[1,3]},"_coverageSchema":"1a1c01bbd47fc00a2c39e90264f33305004495a9","hash":"ba25e194ee08e1a6129c06abc1661c0833de72dd"}
,"C:\\Development\\PPEGen\\src\\components\\ui\\navbar\\navbar.tsx": {"path":"C:\\Development\\PPEGen\\src\\components\\ui\\navbar\\navbar.tsx","statementMap":{"0":{"start":{"line":2,"column":4},"end":{"line":63,"column":5}}},"fnMap":{"0":{"name":"GetHeader","decl":{"start":{"line":1,"column":9},"end":{"line":1,"column":18}},"loc":{"start":{"line":1,"column":20},"end":{"line":64,"column":1}},"line":1}},"branchMap":{},"s":{"0":1},"f":{"0":1},"b":{},"_coverageSchema":"1a1c01bbd47fc00a2c39e90264f33305004495a9","hash":"a898ab0ac689a7b24d538068f9da1997de8445c7"}
,"C:\\Development\\PPEGen\\src\\components\\ui\\select\\select.tsx": {"path":"C:\\Development\\PPEGen\\src\\components\\ui\\select\\select.tsx","statementMap":{"0":{"start":{"line":14,"column":4},"end":{"line":31,"column":6}},"1":{"start":{"line":23,"column":14},"end":{"line":25,"column":23}}},"fnMap":{"0":{"name":"GetSelect","decl":{"start":{"line":13,"column":9},"end":{"line":13,"column":18}},"loc":{"start":{"line":13,"column":43},"end":{"line":32,"column":1}},"line":13},"1":{"name":"(anonymous_1)","decl":{"start":{"line":22,"column":42},"end":{"line":22,"column":43}},"loc":{"start":{"line":23,"column":14},"end":{"line":25,"column":23}},"line":23}},"branchMap":{},"s":{"0":4,"1":24},"f":{"0":4,"1":24},"b":{},"_coverageSchema":"1a1c01bbd47fc00a2c39e90264f33305004495a9","hash":"aa0b4f635d3a18fab79ecfa6a5ad6600ed5dd124"}
,"C:\\Development\\PPEGen\\src\\components\\ui\\textarea\\textarea.tsx": {"path":"C:\\Development\\PPEGen\\src\\components\\ui\\textarea\\textarea.tsx","statementMap":{"0":{"start":{"line":11,"column":4},"end":{"line":21,"column":3}}},"fnMap":{"0":{"name":"GetTextArea","decl":{"start":{"line":10,"column":9},"end":{"line":10,"column":20}},"loc":{"start":{"line":10,"column":47},"end":{"line":22,"column":1}},"line":10}},"branchMap":{"0":{"loc":{"start":{"line":19,"column":5},"end":{"line":19,"column":92}},"type":"cond-expr","locations":[{"start":{"line":19,"column":40},"end":{"line":19,"column":44}},{"start":{"line":19,"column":47},"end":{"line":19,"column":92}}],"line":19}},"s":{"0":3},"f":{"0":3},"b":{"0":[1,2]},"_coverageSchema":"1a1c01bbd47fc00a2c39e90264f33305004495a9","hash":"362d2f450b0246b4a6454750d17fc57385858fe9"}
}
