TN:
SF:src\components\logic\selectpopulators\mbd.tsx
FN:13,GetMandatoryBonusDuties
FNF:1
FNH:0
FNDA:0,GetMandatoryBonusDuties
DA:3,0
DA:14,0
LF:2
LH:0
BRF:0
BRH:0
end_of_record
TN:
SF:src\components\ui\hero\hero.tsx
FN:1,GetHero
FNF:1
FNH:0
FNDA:0,GetHero
DA:2,0
LF:1
LH:0
BRF:0
BRH:0
end_of_record
TN:
SF:src\components\ui\input\input.tsx
FN:9,GetInput
FNF:1
FNH:1
FNDA:1,GetInput
DA:10,1
LF:1
LH:1
BRDA:18,0,0,1
BRDA:18,0,1,0
BRF:2
BRH:1
end_of_record
TN:
SF:src\components\ui\navbar\navbar.tsx
FN:1,GetHeader
FNF:1
FNH:0
FNDA:0,GetHeader
DA:2,0
LF:1
LH:0
BRF:0
BRH:0
end_of_record
TN:
SF:src\components\ui\select\select.tsx
FN:13,GetSelect
FN:22,(anonymous_1)
FNF:2
FNH:0
FNDA:0,GetSelect
FNDA:0,(anonymous_1)
DA:14,0
DA:23,0
LF:2
LH:0
BRF:0
BRH:0
end_of_record
TN:
SF:src\components\ui\textarea\textarea.tsx
FN:10,GetTextArea
FNF:1
FNH:0
FNDA:0,GetTextArea
DA:11,0
LF:1
LH:0
BRDA:19,0,0,0
BRDA:19,0,1,0
BRF:2
BRH:0
end_of_record
