TN:
SF:src\components\logic\selectpopulators\mbd.tsx
FN:13,GetMandatoryBonusDuties
FNF:1
FNH:1
FNDA:3,GetMandatoryBonusDuties
DA:3,1
DA:14,3
LF:2
LH:2
BRF:0
BRH:0
end_of_record
TN:
SF:src\components\ui\hero\hero.tsx
FN:1,GetHero
FNF:1
FNH:1
FNDA:1,GetHero
DA:2,1
LF:1
LH:1
BRF:0
BRH:0
end_of_record
TN:
SF:src\components\ui\input\input.tsx
FN:9,GetInput
FNF:1
FNH:1
FNDA:4,GetInput
DA:10,4
LF:1
LH:1
BRDA:18,0,0,1
BRDA:18,0,1,3
BRF:2
BRH:2
end_of_record
TN:
SF:src\components\ui\navbar\navbar.tsx
FN:1,GetHeader
FNF:1
FNH:1
FNDA:1,GetHeader
DA:2,1
LF:1
LH:1
BRF:0
BRH:0
end_of_record
TN:
SF:src\components\ui\select\select.tsx
FN:13,GetSelect
FN:22,(anonymous_1)
FNF:2
FNH:2
FNDA:4,GetSelect
FNDA:24,(anonymous_1)
DA:14,4
DA:23,24
LF:2
LH:2
BRF:0
BRH:0
end_of_record
TN:
SF:src\components\ui\textarea\textarea.tsx
FN:10,GetTextArea
FNF:1
FNH:1
FNDA:3,GetTextArea
DA:11,3
LF:1
LH:1
BRDA:19,0,0,1
BRDA:19,0,1,2
BRF:2
BRH:2
end_of_record
